{"C:\\Users\\netbook\\Desktop\\week12\\exercise2.js": {"path":"C:\\Users\\netbook\\Desktop\\week12\\exercise2.js","statementMap":{"0":{"start":{"line":2,"column":12},"end":{"line":4,"column":3}},"1":{"start":{"line":3,"column":4},"end":{"line":3,"column":22}},"2":{"start":{"line":6,"column":2},"end":{"line":6,"column":22}}},"fnMap":{"0":{"name":"(anonymous_0)","decl":{"start":{"line":2,"column":12},"end":{"line":2,"column":13}},"loc":{"start":{"line":2,"column":28},"end":{"line":4,"column":3}},"line":2}},"branchMap":{},"s":{"0":1,"1":2,"2":1},"f":{"0":2},"b":{},"_coverageSchema":"1a1c01bbd47fc00a2c39e90264f33305004495a9","hash":"2dc6639f0171ffb108b72f348cd1f4f950e07680"}
,"C:\\Users\\netbook\\Desktop\\week12\\exercise3.js": {"path":"C:\\Users\\netbook\\Desktop\\week12\\exercise3.js","statementMap":{"0":{"start":{"line":2,"column":18},"end":{"line":4,"column":3}},"1":{"start":{"line":3,"column":4},"end":{"line":3,"column":33}},"2":{"start":{"line":5,"column":2},"end":{"line":5,"column":28}}},"fnMap":{"0":{"name":"(anonymous_0)","decl":{"start":{"line":2,"column":18},"end":{"line":2,"column":19}},"loc":{"start":{"line":2,"column":44},"end":{"line":4,"column":3}},"line":2}},"branchMap":{},"s":{"0":1,"1":2,"2":1},"f":{"0":2},"b":{},"_coverageSchema":"1a1c01bbd47fc00a2c39e90264f33305004495a9","hash":"d59d4dd5b80f1187f608815e112a303add83cc1e"}
,"C:\\Users\\netbook\\Desktop\\week12\\exercises.js": {"path":"C:\\Users\\netbook\\Desktop\\week12\\exercises.js","statementMap":{"0":{"start":{"line":2,"column":13},"end":{"line":4,"column":1}},"1":{"start":{"line":3,"column":2},"end":{"line":3,"column":14}},"2":{"start":{"line":6,"column":0},"end":{"line":6,"column":21}}},"fnMap":{"0":{"name":"(anonymous_0)","decl":{"start":{"line":2,"column":13},"end":{"line":2,"column":14}},"loc":{"start":{"line":2,"column":21},"end":{"line":4,"column":1}},"line":2}},"branchMap":{},"s":{"0":1,"1":1,"2":1},"f":{"0":1},"b":{},"_coverageSchema":"1a1c01bbd47fc00a2c39e90264f33305004495a9","hash":"0c4cd701091279964538f6bb4551737f3a0c2d4d"}
}
