{"C:\\Users\\netbook\\Desktop\\week12\\exercise2.js": {"path":"C:\\Users\\netbook\\Desktop\\week12\\exercise2.js","statementMap":{"0":{"start":{"line":2,"column":12},"end":{"line":4,"column":3}},"1":{"start":{"line":3,"column":4},"end":{"line":3,"column":22}},"2":{"start":{"line":6,"column":2},"end":{"line":6,"column":22}}},"fnMap":{"0":{"name":"(anonymous_0)","decl":{"start":{"line":2,"column":12},"end":{"line":2,"column":13}},"loc":{"start":{"line":2,"column":28},"end":{"line":4,"column":3}},"line":2}},"branchMap":{},"s":{"0":1,"1":2,"2":1},"f":{"0":2},"b":{},"_coverageSchema":"1a1c01bbd47fc00a2c39e90264f33305004495a9","hash":"2dc6639f0171ffb108b72f348cd1f4f950e07680"}
,"C:\\Users\\netbook\\Desktop\\week12\\exercise3.js": {"path":"C:\\Users\\netbook\\Desktop\\week12\\exercise3.js","statementMap":{"0":{"start":{"line":2,"column":18},"end":{"line":4,"column":3}},"1":{"start":{"line":3,"column":4},"end":{"line":3,"column":33}},"2":{"start":{"line":5,"column":2},"end":{"line":5,"column":28}}},"fnMap":{"0":{"name":"(anonymous_0)","decl":{"start":{"line":2,"column":18},"end":{"line":2,"column":19}},"loc":{"start":{"line":2,"column":44},"end":{"line":4,"column":3}},"line":2}},"branchMap":{},"s":{"0":1,"1":2,"2":1},"f":{"0":2},"b":{},"_coverageSchema":"1a1c01bbd47fc00a2c39e90264f33305004495a9","hash":"d59d4dd5b80f1187f608815e112a303add83cc1e"}
,"C:\\Users\\netbook\\Desktop\\week12\\exercise4.js": {"path":"C:\\Users\\netbook\\Desktop\\week12\\exercise4.js","statementMap":{"0":{"start":{"line":1,"column":23},"end":{"line":3,"column":3}},"1":{"start":{"line":2,"column":4},"end":{"line":2,"column":28}},"2":{"start":{"line":4,"column":2},"end":{"line":4,"column":33}}},"fnMap":{"0":{"name":"(anonymous_0)","decl":{"start":{"line":1,"column":23},"end":{"line":1,"column":24}},"loc":{"start":{"line":1,"column":45},"end":{"line":3,"column":3}},"line":1}},"branchMap":{},"s":{"0":1,"1":2,"2":1},"f":{"0":2},"b":{},"_coverageSchema":"1a1c01bbd47fc00a2c39e90264f33305004495a9","hash":"5c70e80080d2f52bb5c12867d9c92c3748c224dd"}
,"C:\\Users\\netbook\\Desktop\\week12\\exercise5.js": {"path":"C:\\Users\\netbook\\Desktop\\week12\\exercise5.js","statementMap":{"0":{"start":{"line":1,"column":17},"end":{"line":7,"column":3}},"1":{"start":{"line":2,"column":4},"end":{"line":6,"column":5}},"2":{"start":{"line":3,"column":6},"end":{"line":3,"column":40}},"3":{"start":{"line":5,"column":6},"end":{"line":5,"column":31}},"4":{"start":{"line":9,"column":2},"end":{"line":9,"column":27}}},"fnMap":{"0":{"name":"(anonymous_0)","decl":{"start":{"line":1,"column":17},"end":{"line":1,"column":18}},"loc":{"start":{"line":1,"column":40},"end":{"line":7,"column":3}},"line":1}},"branchMap":{"0":{"loc":{"start":{"line":2,"column":4},"end":{"line":6,"column":5}},"type":"if","locations":[{"start":{"line":2,"column":4},"end":{"line":6,"column":5}},{"start":{"line":2,"column":4},"end":{"line":6,"column":5}}],"line":2}},"s":{"0":1,"1":3,"2":1,"3":2,"4":1},"f":{"0":3},"b":{"0":[1,2]},"_coverageSchema":"1a1c01bbd47fc00a2c39e90264f33305004495a9","hash":"2425312a3074e5868c34f44f171be26483c6e6b0"}
,"C:\\Users\\netbook\\Desktop\\week12\\exercise6.js": {"path":"C:\\Users\\netbook\\Desktop\\week12\\exercise6.js","statementMap":{"0":{"start":{"line":1,"column":28},"end":{"line":8,"column":3}},"1":{"start":{"line":2,"column":4},"end":{"line":2,"column":56}},"2":{"start":{"line":2,"column":37},"end":{"line":2,"column":56}},"3":{"start":{"line":3,"column":16},"end":{"line":3,"column":18}},"4":{"start":{"line":4,"column":4},"end":{"line":6,"column":5}},"5":{"start":{"line":4,"column":17},"end":{"line":4,"column":18}},"6":{"start":{"line":5,"column":6},"end":{"line":5,"column":35}},"7":{"start":{"line":7,"column":2},"end":{"line":7,"column":14}},"8":{"start":{"line":9,"column":0},"end":{"line":9,"column":36}}},"fnMap":{"0":{"name":"(anonymous_0)","decl":{"start":{"line":1,"column":28},"end":{"line":1,"column":29}},"loc":{"start":{"line":1,"column":62},"end":{"line":8,"column":3}},"line":1}},"branchMap":{"0":{"loc":{"start":{"line":2,"column":4},"end":{"line":2,"column":56}},"type":"if","locations":[{"start":{"line":2,"column":4},"end":{"line":2,"column":56}},{"start":{"line":2,"column":4},"end":{"line":2,"column":56}}],"line":2}},"s":{"0":1,"1":2,"2":1,"3":2,"4":2,"5":2,"6":17,"7":2,"8":1},"f":{"0":2},"b":{"0":[1,1]},"_coverageSchema":"1a1c01bbd47fc00a2c39e90264f33305004495a9","hash":"c7216ab1b6b76af3aacc4bc1dbe1a79eb5ef8dd2"}
,"C:\\Users\\netbook\\Desktop\\week12\\exercise7.js": {"path":"C:\\Users\\netbook\\Desktop\\week12\\exercise7.js","statementMap":{"0":{"start":{"line":1,"column":17},"end":{"line":3,"column":3}},"1":{"start":{"line":2,"column":4},"end":{"line":2,"column":36}},"2":{"start":{"line":5,"column":2},"end":{"line":5,"column":27}}},"fnMap":{"0":{"name":"(anonymous_0)","decl":{"start":{"line":1,"column":17},"end":{"line":1,"column":18}},"loc":{"start":{"line":1,"column":38},"end":{"line":3,"column":3}},"line":1}},"branchMap":{},"s":{"0":1,"1":2,"2":1},"f":{"0":2},"b":{},"_coverageSchema":"1a1c01bbd47fc00a2c39e90264f33305004495a9","hash":"58594adeb7b749cbe8942f7dce97578981d86fc9"}
,"C:\\Users\\netbook\\Desktop\\week12\\exercise8.js": {"path":"C:\\Users\\netbook\\Desktop\\week12\\exercise8.js","statementMap":{"0":{"start":{"line":2,"column":15},"end":{"line":7,"column":3}},"1":{"start":{"line":4,"column":6},"end":{"line":4,"column":19}},"2":{"start":{"line":6,"column":4},"end":{"line":6,"column":37}},"3":{"start":{"line":8,"column":0},"end":{"line":8,"column":23}}},"fnMap":{"0":{"name":"(anonymous_0)","decl":{"start":{"line":2,"column":15},"end":{"line":2,"column":16}},"loc":{"start":{"line":2,"column":24},"end":{"line":7,"column":3}},"line":2},"1":{"name":"cuadrado","decl":{"start":{"line":3,"column":13},"end":{"line":3,"column":21}},"loc":{"start":{"line":3,"column":25},"end":{"line":5,"column":5}},"line":3}},"branchMap":{},"s":{"0":1,"1":4,"2":2,"3":1},"f":{"0":2,"1":4},"b":{},"_coverageSchema":"1a1c01bbd47fc00a2c39e90264f33305004495a9","hash":"c26f8ddb3d7b8c28641760c2f43c1e9fa0867bb8"}
,"C:\\Users\\netbook\\Desktop\\week12\\exercise9.js": {"path":"C:\\Users\\netbook\\Desktop\\week12\\exercise9.js","statementMap":{"0":{"start":{"line":1,"column":17},"end":{"line":8,"column":3}},"1":{"start":{"line":2,"column":17},"end":{"line":2,"column":31}},"2":{"start":{"line":3,"column":19},"end":{"line":3,"column":46}},"3":{"start":{"line":4,"column":4},"end":{"line":6,"column":5}},"4":{"start":{"line":4,"column":17},"end":{"line":4,"column":18}},"5":{"start":{"line":5,"column":8},"end":{"line":5,"column":30}},"6":{"start":{"line":7,"column":4},"end":{"line":7,"column":18}},"7":{"start":{"line":9,"column":0},"end":{"line":9,"column":25}}},"fnMap":{"0":{"name":"(anonymous_0)","decl":{"start":{"line":1,"column":17},"end":{"line":1,"column":18}},"loc":{"start":{"line":1,"column":39},"end":{"line":8,"column":3}},"line":1}},"branchMap":{},"s":{"0":1,"1":2,"2":2,"3":2,"4":2,"5":5,"6":2,"7":1},"f":{"0":2},"b":{},"_coverageSchema":"1a1c01bbd47fc00a2c39e90264f33305004495a9","hash":"37900a8347d74f5c52643dae408223f2f06df31a"}
,"C:\\Users\\netbook\\Desktop\\week12\\exercises.js": {"path":"C:\\Users\\netbook\\Desktop\\week12\\exercises.js","statementMap":{"0":{"start":{"line":2,"column":13},"end":{"line":4,"column":1}},"1":{"start":{"line":3,"column":2},"end":{"line":3,"column":14}},"2":{"start":{"line":6,"column":0},"end":{"line":6,"column":21}}},"fnMap":{"0":{"name":"(anonymous_0)","decl":{"start":{"line":2,"column":13},"end":{"line":2,"column":14}},"loc":{"start":{"line":2,"column":21},"end":{"line":4,"column":1}},"line":2}},"branchMap":{},"s":{"0":1,"1":1,"2":1},"f":{"0":1},"b":{},"_coverageSchema":"1a1c01bbd47fc00a2c39e90264f33305004495a9","hash":"0c4cd701091279964538f6bb4551737f3a0c2d4d"}
}
